{
  "0 debug pnpm:scope": {
    "selected": 1,
    "workspacePrefix": null
  },
  "1 debug pnpm": {
    "isCaseSensitive": true,
    "store": "/home/aluno/.pnpm-store/2"
  },
  "2 debug pnpm:package-json": {
    "initial": {
      "name": "tarefas-api",
      "version": "0.0.1",
      "description": "API do App Lista de tarefas",
      "main": "bootstrap.js",
      "engines": {
        "node": "12"
      },
      "scripts": {
        "dev-start": "nodemon bootstrap",
        "start": "node bootstrap",
        "postinstall": "knex migrate:latest && knex seed:run",
        "db-migrate": "knex migrate:up",
        "db-migrate-make": "knex migrate:make",
        "db-migrate-down": "knex migrate:down",
        "db-seed-make": "knex seed:make",
        "db-populate": "knex seed:run",
        "db-create": "knex migrate:latest && knex seed:run"
      },
      "keywords": [
        "api",
        "todo",
        "tarefas",
        "hapi"
      ],
      "author": "L A MINORA",
      "license": "ISC",
      "dependencies": {
        "@hapi/hapi": "^18.3.1",
        "@hapi/joi": "^15.1.0",
        "babel-core": "^6.26.3",
        "babel-plugin-syntax-async-functions": "^6.13.0",
        "babel-polyfill": "^6.26.0",
        "babel-preset-env": "^1.7.0",
        "hapi-router": "^5.0.0",
        "knex": "^0.19.1",
        "sqlite3": "^4.0.2"
      },
      "devDependencies": {
        "nodemon": "^1.19.1"
      }
    },
    "prefix": "/home/aluno/Bruna/2019-behappy-api"
  },
  "3 info pnpm": {
    "message": "Lockfile is up-to-date, resolution step is skipped",
    "prefix": "/home/aluno/Bruna/2019-behappy-api"
  },
  "4 debug pnpm:stats": {
    "prefix": "/home/aluno/Bruna/2019-behappy-api",
    "removed": 0
  },
  "5 debug pnpm:stage": {
    "prefix": "/home/aluno/Bruna/2019-behappy-api",
    "stage": "importing_started"
  },
  "6 debug pnpm:stats": {
    "added": 0,
    "prefix": "/home/aluno/Bruna/2019-behappy-api"
  },
  "7 debug pnpm:stage": {
    "prefix": "/home/aluno/Bruna/2019-behappy-api",
    "stage": "importing_done"
  },
  "8 debug pnpm:link": {
    "target": "/home/aluno/Bruna/2019-behappy-api/node_modules/.registry.npmjs.org/nodemon/1.19.1/node_modules/nodemon",
    "link": "/home/aluno/Bruna/2019-behappy-api/node_modules/nodemon"
  },
  "9 debug pnpm:link": {
    "target": "/home/aluno/Bruna/2019-behappy-api/node_modules/.registry.npmjs.org/@hapi/hapi/18.3.1/node_modules/@hapi/hapi",
    "link": "/home/aluno/Bruna/2019-behappy-api/node_modules/@hapi/hapi"
  },
  "10 debug pnpm:link": {
    "target": "/home/aluno/Bruna/2019-behappy-api/node_modules/.registry.npmjs.org/@hapi/joi/15.1.0/node_modules/@hapi/joi",
    "link": "/home/aluno/Bruna/2019-behappy-api/node_modules/@hapi/joi"
  },
  "11 debug pnpm:link": {
    "target": "/home/aluno/Bruna/2019-behappy-api/node_modules/.registry.npmjs.org/babel-core/6.26.3/node_modules/babel-core",
    "link": "/home/aluno/Bruna/2019-behappy-api/node_modules/babel-core"
  },
  "12 debug pnpm:link": {
    "target": "/home/aluno/Bruna/2019-behappy-api/node_modules/.registry.npmjs.org/babel-plugin-syntax-async-functions/6.13.0/node_modules/babel-plugin-syntax-async-functions",
    "link": "/home/aluno/Bruna/2019-behappy-api/node_modules/babel-plugin-syntax-async-functions"
  },
  "13 debug pnpm:link": {
    "target": "/home/aluno/Bruna/2019-behappy-api/node_modules/.registry.npmjs.org/babel-polyfill/6.26.0/node_modules/babel-polyfill",
    "link": "/home/aluno/Bruna/2019-behappy-api/node_modules/babel-polyfill"
  },
  "14 debug pnpm:link": {
    "target": "/home/aluno/Bruna/2019-behappy-api/node_modules/.registry.npmjs.org/babel-preset-env/1.7.0/node_modules/babel-preset-env",
    "link": "/home/aluno/Bruna/2019-behappy-api/node_modules/babel-preset-env"
  },
  "15 debug pnpm:link": {
    "target": "/home/aluno/Bruna/2019-behappy-api/node_modules/.registry.npmjs.org/hapi-router/5.0.0_@hapi+hapi@18.3.1/node_modules/hapi-router",
    "link": "/home/aluno/Bruna/2019-behappy-api/node_modules/hapi-router"
  },
  "16 debug pnpm:link": {
    "target": "/home/aluno/Bruna/2019-behappy-api/node_modules/.registry.npmjs.org/knex/0.19.1/node_modules/knex",
    "link": "/home/aluno/Bruna/2019-behappy-api/node_modules/knex"
  },
  "17 debug pnpm:link": {
    "target": "/home/aluno/Bruna/2019-behappy-api/node_modules/.registry.npmjs.org/sqlite3/4.0.9/node_modules/sqlite3",
    "link": "/home/aluno/Bruna/2019-behappy-api/node_modules/sqlite3"
  },
  "18 debug pnpm:package-json": {
    "prefix": "/home/aluno/Bruna/2019-behappy-api",
    "updated": {
      "name": "tarefas-api",
      "version": "0.0.1",
      "description": "API do App Lista de tarefas",
      "main": "bootstrap.js",
      "engines": {
        "node": "12"
      },
      "scripts": {
        "dev-start": "nodemon bootstrap",
        "start": "node bootstrap",
        "postinstall": "knex migrate:latest && knex seed:run",
        "db-migrate": "knex migrate:up",
        "db-migrate-make": "knex migrate:make",
        "db-migrate-down": "knex migrate:down",
        "db-seed-make": "knex seed:make",
        "db-populate": "knex seed:run",
        "db-create": "knex migrate:latest && knex seed:run"
      },
      "keywords": [
        "api",
        "todo",
        "tarefas",
        "hapi"
      ],
      "author": "L A MINORA",
      "license": "ISC",
      "dependencies": {
        "@hapi/hapi": "^18.3.1",
        "@hapi/joi": "^15.1.0",
        "babel-core": "^6.26.3",
        "babel-plugin-syntax-async-functions": "^6.13.0",
        "babel-polyfill": "^6.26.0",
        "babel-preset-env": "^1.7.0",
        "hapi-router": "^5.0.0",
        "knex": "^0.19.1",
        "sqlite3": "^4.0.2"
      },
      "devDependencies": {
        "nodemon": "^1.19.1"
      }
    }
  },
  "19 debug pnpm:summary": {
    "prefix": "/home/aluno/Bruna/2019-behappy-api"
  },
  "20 error pnpm": {
    "message": {
      "errno": 1,
      "code": "ELIFECYCLE",
      "pkgid": "tarefas-api@0.0.1",
      "stage": "postinstall",
      "script": "knex migrate:latest && knex seed:run",
      "pkgname": "tarefas-api"
    },
    "err": {
      "name": "Error",
      "message": "tarefas-api@0.0.1 postinstall: `knex migrate:latest && knex seed:run`\nExit status 1",
      "code": "ELIFECYCLE",
      "stack": "Error: tarefas-api@0.0.1 postinstall: `knex migrate:latest && knex seed:run`\nExit status 1\n    at EventEmitter.<anonymous> (/home/aluno/.nvm/versions/node/v12.8.0/lib/node_modules/pnpm/lib/node_modules/@zkochan/npm-lifecycle/index.js:302:16)\n    at EventEmitter.emit (events.js:203:13)\n    at ChildProcess.<anonymous> (/home/aluno/.nvm/versions/node/v12.8.0/lib/node_modules/pnpm/lib/node_modules/@zkochan/npm-lifecycle/lib/spawn.js:55:14)\n    at ChildProcess.emit (events.js:203:13)\n    at maybeClose (internal/child_process.js:1021:16)\n    at Process.ChildProcess._handle.onexit (internal/child_process.js:283:5)"
    }
  }
}